20:44:49 **** Incremental Build of configuration Debug for project a9-finalPractice ****
make all 
Building file: ../src/heap.c
Invoking: GCC C Compiler
gcc -O0 -g3 -Wall -c -fmessage-length=0 -MMD -MP -MF"src/heap.d" -MT"src/heap.o" -o "src/heap.o" "../src/heap.c"
../src/heap.c:22:2: warning: '/*' within block comment [-Wcomment]
 /* Use malloc to create HEAP type object, set its size 0, capacity 4,
 ^
../src/heap.c:32:10: warning: multi-character character constant [-Wmultichar]
                printf('malloc failed');
                       ^
../src/heap.c:32:10: warning: character constant too long for its type
../src/heap.c:32:10: warning: incompatible integer to pointer conversion passing 'int' to parameter of type 'const char *' [-Wint-conversion]
                printf('malloc failed');
                       ^~~~~~~~~~~~~~~
/Library/Developer/CommandLineTools/SDKs/MacOSX.sdk/usr/include/stdio.h:175:36: note: passing argument to parameter here
int      printf(const char * __restrict, ...) __printflike(1, 2);
                                       ^
../src/heap.c:32:10: warning: format string is not a string literal (potentially insecure) [-Wformat-security]
                printf('malloc failed');
                       ^~~~~~~~~~~~~~~
../src/heap.c:32:10: note: treat the string as an argument to avoid this
                printf('malloc failed');
                       ^
                       "%s", 
../src/heap.c:60:1: warning: non-void function does not return a value [-Wreturn-type]
}
^
../src/heap.c:69:1: warning: non-void function does not return a value [-Wreturn-type]
}
^
../src/heap.c:79:1: warning: non-void function does not return a value [-Wreturn-type]
}
^
../src/heap.c:88:1: warning: non-void function does not return a value [-Wreturn-type]
}
^
9 warnings generated.
Finished building: ../src/heap.c
 
Building target: a9-finalPractice
Invoking: MacOS X C Linker
gcc  -o "a9-finalPractice"  ./src/a9-finalPractice.o ./src/hash.o ./src/heap.o   
Finished building target: a9-finalPractice
 

20:44:50 Build Finished. 0 errors, 9 warnings. (took 353ms)

