17:29:28 **** Incremental Build of configuration Debug for project sing8282_l09 ****
make all 
Building file: ../src/min_heap.c
Invoking: GCC C Compiler
gcc -O0 -g3 -Wall -c -fmessage-length=0 -MMD -MP -MF"src/min_heap.d" -MT"src/min_heap.o" -o "src/min_heap.o" "../src/min_heap.c"
In file included from ../src/min_heap.c:18:
../src/min_heap.h:41:11: warning: a function declaration without a prototype is deprecated in all versions of C and is not supported in C2x [-Wdeprecated-non-prototype]
min_heap* min_heap_initialize();
          ^
                              void
../src/min_heap.c:92:11: warning: a function declaration without a prototype is deprecated in all versions of C and is not supported in C2x [-Wdeprecated-non-prototype]
min_heap* min_heap_initialize(int capacity) {
          ^
2 warnings generated.
Finished building: ../src/min_heap.c
 
Building target: sing8282_l09
Invoking: MacOS X C Linker
gcc  -o "sing8282_l09"  ./src/main.o ./src/min_heap.o   
Finished building target: sing8282_l09
 

17:29:28 Build Finished. 0 errors, 2 warnings. (took 369ms)

